  [1m[36m (1.4ms)[0m  [1mCREATE TABLE "schema_migrations" ("version" varchar(255) NOT NULL) [0m
  [1m[35m (1.3ms)[0m  CREATE UNIQUE INDEX "unique_schema_migrations" ON "schema_migrations" ("version")
  [1m[36mActiveRecord::SchemaMigration Load (0.1ms)[0m  [1mSELECT "schema_migrations".* FROM "schema_migrations"[0m
Migrating to CreateAccountingTables (20131003195140)
  [1m[36mActiveRecord::SchemaMigration Load (0.1ms)[0m  [1mSELECT "schema_migrations".* FROM "schema_migrations"[0m
Migrating to CreateAccountingTables (20131003195140)
  [1m[35m (0.1ms)[0m  begin transaction
  [1m[36m (0.6ms)[0m  [1mCREATE TABLE "accounting_accounts" ("id" INTEGER PRIMARY KEY AUTOINCREMENT NOT NULL, "name" varchar(255), "currency" varchar(3), "status" varchar(255), "configuration" text, "balance" bigint DEFAULT 0, "owner_id" integer, "owner_type" varchar(255), "created_at" datetime, "updated_at" datetime) [0m
  [1m[35m (0.2ms)[0m  CREATE INDEX "index_accounting_accounts_on_owner_id_and_owner_type" ON "accounting_accounts" ("owner_id", "owner_type")
  [1m[36m (0.2ms)[0m  [1mCREATE TABLE "accounting_entries" ("id" INTEGER PRIMARY KEY AUTOINCREMENT NOT NULL, "amount" bigint, "account_id" integer, "created_at" datetime, "updated_at" datetime) [0m
  [1m[35m (0.1ms)[0m  CREATE INDEX "index_accounting_entries_on_account_id" ON "accounting_entries" ("account_id")
  [1m[36m (0.2ms)[0m  [1mCREATE TABLE "accounting_transactions" ("id" INTEGER PRIMARY KEY AUTOINCREMENT NOT NULL, "uuid" varchar(255), "category" varchar(255), "code" varchar(255), "description" text, "details" text, "credit_entry_id" integer, "debit_entry_id" integer, "adjustment_transaction_id" integer, "created_at" datetime, "updated_at" datetime) [0m
  [1m[35m (0.2ms)[0m  CREATE INDEX "index_accounting_transactions_on_uuid" ON "accounting_transactions" ("uuid")
  [1m[36m (0.1ms)[0m  [1mCREATE INDEX "index_accounting_transactions_on_credit_entry_id" ON "accounting_transactions" ("credit_entry_id")[0m
  [1m[35m (0.1ms)[0m  CREATE INDEX "index_accounting_transactions_on_debit_entry_id" ON "accounting_transactions" ("debit_entry_id")
  [1m[36m (0.1ms)[0m  [1mCREATE INDEX "index_accounting_transactions_on_adjustment_transaction_id" ON "accounting_transactions" ("adjustment_transaction_id")[0m
  [1m[35m (0.1ms)[0m  CREATE INDEX "index_accounting_transactions_on_category" ON "accounting_transactions" ("category")
  [1m[36mSQL (0.3ms)[0m  [1mINSERT INTO "schema_migrations" ("version") VALUES (?)[0m  [["version", "20131003195140"]]
  [1m[35m (1.1ms)[0m  commit transaction
  [1m[36mActiveRecord::SchemaMigration Load (0.1ms)[0m  [1mSELECT "schema_migrations".* FROM "schema_migrations"[0m
  [1m[36mActiveRecord::SchemaMigration Load (0.7ms)[0m  [1mSELECT "schema_migrations".* FROM "schema_migrations"[0m
Migrating to CreateUsers (20131003200954)
  [1m[35m (0.2ms)[0m  begin transaction
  [1m[36m (0.5ms)[0m  [1mCREATE TABLE "users" ("id" INTEGER PRIMARY KEY AUTOINCREMENT NOT NULL, "created_at" datetime, "updated_at" datetime) [0m
  [1m[35mSQL (0.8ms)[0m  INSERT INTO "schema_migrations" ("version") VALUES (?)  [["version", "20131003200954"]]
  [1m[36m (1.6ms)[0m  [1mcommit transaction[0m
  [1m[35mActiveRecord::SchemaMigration Load (0.1ms)[0m  SELECT "schema_migrations".* FROM "schema_migrations"
  [1m[36m (1.6ms)[0m  [1mCREATE TABLE "schema_migrations" ("version" varchar(255) NOT NULL) [0m
  [1m[35m (1.2ms)[0m  CREATE UNIQUE INDEX "unique_schema_migrations" ON "schema_migrations" ("version")
  [1m[36mActiveRecord::SchemaMigration Load (0.1ms)[0m  [1mSELECT "schema_migrations".* FROM "schema_migrations"[0m
Migrating to CreateUsers (20131003200954)
  [1m[35m (0.1ms)[0m  begin transaction
  [1m[36m (0.4ms)[0m  [1mCREATE TABLE "users" ("id" INTEGER PRIMARY KEY AUTOINCREMENT NOT NULL, "created_at" datetime, "updated_at" datetime) [0m
  [1m[35mSQL (0.2ms)[0m  INSERT INTO "schema_migrations" ("version") VALUES (?)  [["version", "20131003200954"]]
  [1m[36m (1.3ms)[0m  [1mcommit transaction[0m
Migrating to CreateAccountingTables (20131003203647)
  [1m[35m (0.1ms)[0m  begin transaction
  [1m[36m (0.5ms)[0m  [1mCREATE TABLE "accounting_accounts" ("id" INTEGER PRIMARY KEY AUTOINCREMENT NOT NULL, "name" varchar(255), "currency" varchar(3), "state" varchar(255), "configuration" text, "balance" bigint DEFAULT 0, "owner_id" integer, "owner_type" varchar(255), "created_at" datetime, "updated_at" datetime) [0m
  [1m[35m (0.2ms)[0m  CREATE INDEX "index_accounting_accounts_on_owner_id_and_owner_type" ON "accounting_accounts" ("owner_id", "owner_type")
  [1m[36m (0.2ms)[0m  [1mCREATE TABLE "accounting_entries" ("id" INTEGER PRIMARY KEY AUTOINCREMENT NOT NULL, "amount" bigint, "account_id" integer, "created_at" datetime, "updated_at" datetime) [0m
  [1m[35m (0.1ms)[0m  CREATE INDEX "index_accounting_entries_on_account_id" ON "accounting_entries" ("account_id")
  [1m[36m (0.2ms)[0m  [1mCREATE TABLE "accounting_transactions" ("id" INTEGER PRIMARY KEY AUTOINCREMENT NOT NULL, "uuid" varchar(255), "category" varchar(255), "code" varchar(255), "description" text, "details" text, "credit_entry_id" integer, "debit_entry_id" integer, "adjustment_transaction_id" integer, "created_at" datetime, "updated_at" datetime) [0m
  [1m[35m (0.1ms)[0m  CREATE INDEX "index_accounting_transactions_on_uuid" ON "accounting_transactions" ("uuid")
  [1m[36m (0.1ms)[0m  [1mCREATE INDEX "index_accounting_transactions_on_credit_entry_id" ON "accounting_transactions" ("credit_entry_id")[0m
  [1m[35m (0.1ms)[0m  CREATE INDEX "index_accounting_transactions_on_debit_entry_id" ON "accounting_transactions" ("debit_entry_id")
  [1m[36m (0.1ms)[0m  [1mCREATE INDEX "index_accounting_transactions_on_adjustment_transaction_id" ON "accounting_transactions" ("adjustment_transaction_id")[0m
  [1m[35m (0.1ms)[0m  CREATE INDEX "index_accounting_transactions_on_category" ON "accounting_transactions" ("category")
  [1m[36mSQL (0.2ms)[0m  [1mINSERT INTO "schema_migrations" ("version") VALUES (?)[0m  [["version", "20131003203647"]]
  [1m[35m (1.4ms)[0m  commit transaction
  [1m[36mActiveRecord::SchemaMigration Load (0.1ms)[0m  [1mSELECT "schema_migrations".* FROM "schema_migrations"[0m
